<?xml version="1.0" encoding="UTF-8"?>
<!-- Generated by org.testng.reporters.JUnitXMLReporter -->
<testsuite ignored="2" hostname="DESKTOP-B6NN9JJ" failures="0" tests="2" name="hybridFramework" time="11.949" errors="0" timestamp="2023-11-04T23:46:12 IST">
  <testcase classname="vennilaScript.TC_001_Login" name="tc_01_Login" time="5.804"/>
  <testcase classname="vennilaScript.TC_002_CreateLead" name="tc_02_CreateLead" time="4.705"/>
  <testcase classname="org.sdet5.utils.Reporter" name="@AfterSuite endReport" time="0.0">
    <ignored/>
  </testcase> <!-- @AfterSuite endReport -->
  <testcase classname="org.sdet5.utils.Reporter" name="@BeforeSuite startReport" time="0.0">
    <ignored/>
  </testcase> <!-- @BeforeSuite startReport -->
</testsuite> <!-- hybridFramework -->
