<?xml version="1.0" encoding="UTF-8"?>
<testng-results ignored="0" total="2" passed="2" failed="0" skipped="0">
  <reporter-output>
  </reporter-output>
  <suite started-at="2023-11-04T23:46:00 IST" name="Default Suite" finished-at="2023-11-04T23:46:12 IST" duration-ms="11949">
    <groups>
    </groups>
    <test started-at="2023-11-04T23:46:00 IST" name="hybridFramework" finished-at="2023-11-04T23:46:12 IST" duration-ms="11949">
      <class name="vennilaScript.TC_001_Login">
        <test-method is-config="true" signature="startReport()[pri:0, instance:vennilaScript.TC_001_Login@61dd025]" started-at="2023-11-04T23:46:00 IST" name="startReport" finished-at="2023-11-04T23:46:00 IST" duration-ms="236" status="PASS">
          <reporter-output>
          </reporter-output>
        </test-method> <!-- startReport -->
        <test-method is-config="true" signature="setValues()[pri:0, instance:vennilaScript.TC_001_Login@61dd025]" started-at="2023-11-04T23:46:00 IST" name="setValues" finished-at="2023-11-04T23:46:00 IST" duration-ms="1" status="PASS">
          <reporter-output>
          </reporter-output>
        </test-method> <!-- setValues -->
        <test-method is-config="true" signature="testcaseDetails()[pri:0, instance:vennilaScript.TC_001_Login@61dd025]" started-at="2023-11-04T23:46:00 IST" name="testcaseDetails" finished-at="2023-11-04T23:46:00 IST" duration-ms="6" status="PASS">
          <reporter-output>
          </reporter-output>
        </test-method> <!-- testcaseDetails -->
        <test-method is-config="true" signature="preCondition()[pri:0, instance:vennilaScript.TC_001_Login@61dd025]" started-at="2023-11-04T23:46:01 IST" name="preCondition" finished-at="2023-11-04T23:46:01 IST" duration-ms="1" status="PASS">
          <reporter-output>
          </reporter-output>
        </test-method> <!-- preCondition -->
        <test-method signature="tc_01_Login(java.lang.String,java.lang.String)[pri:0, instance:vennilaScript.TC_001_Login@61dd025]" started-at="2023-11-04T23:46:01 IST" name="tc_01_Login" data-provider="fetchData" finished-at="2023-11-04T23:46:07 IST" duration-ms="5804" status="PASS">
          <params>
            <param index="0">
              <value>
                <![CDATA[DemoCSR]]>
              </value>
            </param>
            <param index="1">
              <value>
                <![CDATA[crmsfa]]>
              </value>
            </param>
          </params>
          <reporter-output>
          </reporter-output>
        </test-method> <!-- tc_01_Login -->
        <test-method is-config="true" signature="postCondition()[pri:0, instance:vennilaScript.TC_001_Login@61dd025]" started-at="2023-11-04T23:46:12 IST" name="postCondition" finished-at="2023-11-04T23:46:12 IST" duration-ms="130" status="PASS">
          <reporter-output>
          </reporter-output>
        </test-method> <!-- postCondition -->
        <test-method is-config="true" signature="endReport()[pri:0, instance:vennilaScript.TC_001_Login@61dd025]" started-at="2023-11-04T23:46:12 IST" name="endReport" finished-at="2023-11-04T23:46:12 IST" duration-ms="410" status="PASS">
          <reporter-output>
          </reporter-output>
        </test-method> <!-- endReport -->
      </class> <!-- vennilaScript.TC_001_Login -->
      <class name="vennilaScript.TC_002_CreateLead">
        <test-method is-config="true" signature="setValues()[pri:0, instance:vennilaScript.TC_002_CreateLead@47542153]" started-at="2023-11-04T23:46:00 IST" name="setValues" finished-at="2023-11-04T23:46:00 IST" duration-ms="1" status="PASS">
          <reporter-output>
          </reporter-output>
        </test-method> <!-- setValues -->
        <test-method is-config="true" signature="testcaseDetails()[pri:0, instance:vennilaScript.TC_002_CreateLead@47542153]" started-at="2023-11-04T23:46:07 IST" name="testcaseDetails" finished-at="2023-11-04T23:46:07 IST" duration-ms="0" status="PASS">
          <reporter-output>
          </reporter-output>
        </test-method> <!-- testcaseDetails -->
        <test-method signature="tc_02_CreateLead(java.lang.String,java.lang.String)[pri:0, instance:vennilaScript.TC_002_CreateLead@47542153]" started-at="2023-11-04T23:46:07 IST" name="tc_02_CreateLead" data-provider="fetchData" finished-at="2023-11-04T23:46:12 IST" duration-ms="4705" status="PASS">
          <params>
            <param index="0">
              <value>
                <![CDATA[DemoCSR]]>
              </value>
            </param>
            <param index="1">
              <value>
                <![CDATA[crmsfa]]>
              </value>
            </param>
          </params>
          <reporter-output>
          </reporter-output>
        </test-method> <!-- tc_02_CreateLead -->
        <test-method is-config="true" signature="preCondition()[pri:0, instance:vennilaScript.TC_002_CreateLead@47542153]" started-at="2023-11-04T23:46:07 IST" name="preCondition" finished-at="2023-11-04T23:46:07 IST" duration-ms="0" status="PASS">
          <reporter-output>
          </reporter-output>
        </test-method> <!-- preCondition -->
        <test-method is-config="true" signature="postCondition()[pri:0, instance:vennilaScript.TC_002_CreateLead@47542153]" started-at="2023-11-04T23:46:12 IST" name="postCondition" finished-at="2023-11-04T23:46:12 IST" duration-ms="166" status="PASS">
          <reporter-output>
          </reporter-output>
        </test-method> <!-- postCondition -->
      </class> <!-- vennilaScript.TC_002_CreateLead -->
    </test> <!-- hybridFramework -->
  </suite> <!-- Default Suite -->
</testng-results>
